INFO 2025-05-06 23:25:11,826 autoreload Watching for file changes with StatReloader
INFO 2025-05-06 23:25:50,811 autoreload C:\Users\krist\OneDrive\Рабочий стол\College\4 курс\Курсовая работа ТРПО\EduShelf\EduShelf\edushelf\bookLibrary\views.py changed, reloading.
INFO 2025-05-06 23:25:51,513 autoreload Watching for file changes with StatReloader
INFO 2025-05-06 23:26:09,702 autoreload C:\Users\krist\OneDrive\Рабочий стол\College\4 курс\Курсовая работа ТРПО\EduShelf\EduShelf\edushelf\bookLibrary\views.py changed, reloading.
INFO 2025-05-06 23:26:10,321 autoreload Watching for file changes with StatReloader
INFO 2025-05-06 23:26:12,567 autoreload C:\Users\krist\OneDrive\Рабочий стол\College\4 курс\Курсовая работа ТРПО\EduShelf\EduShelf\edushelf\bookLibrary\views.py changed, reloading.
INFO 2025-05-06 23:26:13,408 autoreload Watching for file changes with StatReloader
INFO 2025-05-06 23:26:27,974 basehttp "GET /logs/ HTTP/1.1" 200 3256
WARNING 2025-05-06 23:26:28,008 basehttp "GET /static/js/script.js HTTP/1.1" 404 1850
INFO 2025-05-06 23:26:29,166 basehttp "GET /logs/ HTTP/1.1" 200 3256
WARNING 2025-05-06 23:26:29,215 basehttp "GET /static/js/script.js HTTP/1.1" 404 1850
INFO 2025-05-06 23:27:44,509 basehttp "GET /logs/ HTTP/1.1" 200 3256
WARNING 2025-05-06 23:27:44,544 basehttp "GET /static/js/script.js HTTP/1.1" 404 1850
INFO 2025-05-06 23:27:45,751 basehttp "GET /logs/ HTTP/1.1" 200 3256
WARNING 2025-05-06 23:27:45,794 basehttp "GET /static/js/script.js HTTP/1.1" 404 1850
INFO 2025-05-06 23:27:46,286 basehttp "GET /logs/ HTTP/1.1" 200 3256
WARNING 2025-05-06 23:27:46,322 basehttp "GET /static/js/script.js HTTP/1.1" 404 1850
INFO 2025-05-06 23:27:51,401 autoreload Watching for file changes with StatReloader
INFO 2025-05-06 23:27:54,433 basehttp "GET /logs/ HTTP/1.1" 200 3256
WARNING 2025-05-06 23:27:54,462 basehttp "GET /static/js/script.js HTTP/1.1" 404 1850
INFO 2025-05-06 23:27:55,528 basehttp "GET /logs/ HTTP/1.1" 200 3256
WARNING 2025-05-06 23:27:55,568 basehttp "GET /static/js/script.js HTTP/1.1" 404 1850
INFO 2025-05-06 23:27:56,006 basehttp "GET /logs/ HTTP/1.1" 200 3256
WARNING 2025-05-06 23:27:56,042 basehttp "GET /static/js/script.js HTTP/1.1" 404 1850
INFO 2025-05-06 23:27:56,211 basehttp "GET /logs/ HTTP/1.1" 200 3256
WARNING 2025-05-06 23:27:56,238 basehttp "GET /static/js/script.js HTTP/1.1" 404 1850
INFO 2025-05-06 23:27:56,398 basehttp "GET /logs/ HTTP/1.1" 200 3256
WARNING 2025-05-06 23:27:56,429 basehttp "GET /static/js/script.js HTTP/1.1" 404 1850
INFO 2025-05-06 23:27:56,584 basehttp "GET /logs/ HTTP/1.1" 200 3256
WARNING 2025-05-06 23:27:56,615 basehttp "GET /static/js/script.js HTTP/1.1" 404 1850
INFO 2025-05-06 23:27:56,760 basehttp "GET /logs/ HTTP/1.1" 200 3256
WARNING 2025-05-06 23:27:56,796 basehttp "GET /static/js/script.js HTTP/1.1" 404 1850
INFO 2025-05-06 23:27:56,991 basehttp "GET /logs/ HTTP/1.1" 200 3256
WARNING 2025-05-06 23:27:57,020 basehttp "GET /static/js/script.js HTTP/1.1" 404 1850
INFO 2025-05-06 23:27:58,309 basehttp "GET /logs/ HTTP/1.1" 200 3256
WARNING 2025-05-06 23:27:58,348 basehttp "GET /static/js/script.js HTTP/1.1" 404 1850
INFO 2025-05-06 23:27:58,353 basehttp "GET /static/img/%D0%9B%D0%BE%D0%B3%D0%BE%D1%82%D0%B8%D0%BF.png HTTP/1.1" 200 2997
INFO 2025-05-06 23:27:58,354 basehttp "GET /static/css/bd_admin.css HTTP/1.1" 200 6907
INFO 2025-05-06 23:27:58,404 basehttp "GET /static/img/%D0%9B%D0%BE%D0%B3%D0%BE%D1%82%D0%B8%D0%BF.ico HTTP/1.1" 200 16182
INFO 2025-05-06 23:27:58,984 basehttp "GET /logs/ HTTP/1.1" 200 3256
INFO 2025-05-06 23:27:59,017 basehttp "GET /static/css/bd_admin.css HTTP/1.1" 200 6907
WARNING 2025-05-06 23:27:59,021 basehttp "GET /static/js/script.js HTTP/1.1" 404 1850
INFO 2025-05-06 23:27:59,022 basehttp "GET /static/img/%D0%9B%D0%BE%D0%B3%D0%BE%D1%82%D0%B8%D0%BF.png HTTP/1.1" 200 2997
INFO 2025-05-06 23:27:59,055 basehttp "GET /static/img/%D0%9B%D0%BE%D0%B3%D0%BE%D1%82%D0%B8%D0%BF.ico HTTP/1.1" 200 16182
INFO 2025-05-06 23:27:59,316 basehttp "GET /logs/ HTTP/1.1" 200 3256
INFO 2025-05-06 23:27:59,345 basehttp "GET /static/css/bd_admin.css HTTP/1.1" 200 6907
WARNING 2025-05-06 23:27:59,349 basehttp "GET /static/js/script.js HTTP/1.1" 404 1850
INFO 2025-05-06 23:27:59,349 basehttp "GET /static/img/%D0%9B%D0%BE%D0%B3%D0%BE%D1%82%D0%B8%D0%BF.png HTTP/1.1" 200 2997
INFO 2025-05-06 23:27:59,380 basehttp "GET /static/img/%D0%9B%D0%BE%D0%B3%D0%BE%D1%82%D0%B8%D0%BF.ico HTTP/1.1" 200 16182
INFO 2025-05-06 23:27:59,615 basehttp "GET /logs/ HTTP/1.1" 200 3256
INFO 2025-05-06 23:27:59,651 basehttp "GET /static/css/bd_admin.css HTTP/1.1" 200 6907
WARNING 2025-05-06 23:27:59,652 basehttp "GET /static/js/script.js HTTP/1.1" 404 1850
INFO 2025-05-06 23:27:59,652 basehttp "GET /static/img/%D0%9B%D0%BE%D0%B3%D0%BE%D1%82%D0%B8%D0%BF.png HTTP/1.1" 200 2997
INFO 2025-05-06 23:27:59,684 basehttp "GET /static/img/%D0%9B%D0%BE%D0%B3%D0%BE%D1%82%D0%B8%D0%BF.ico HTTP/1.1" 200 16182
INFO 2025-05-06 23:27:59,877 basehttp "GET /logs/ HTTP/1.1" 200 3256
INFO 2025-05-06 23:27:59,909 basehttp "GET /static/css/bd_admin.css HTTP/1.1" 200 6907
INFO 2025-05-06 23:27:59,913 basehttp "GET /static/img/%D0%9B%D0%BE%D0%B3%D0%BE%D1%82%D0%B8%D0%BF.png HTTP/1.1" 200 2997
WARNING 2025-05-06 23:27:59,913 basehttp "GET /static/js/script.js HTTP/1.1" 404 1850
INFO 2025-05-06 23:27:59,948 basehttp "GET /static/img/%D0%9B%D0%BE%D0%B3%D0%BE%D1%82%D0%B8%D0%BF.ico HTTP/1.1" 200 16182
INFO 2025-05-06 23:28:00,066 basehttp "GET /logs/ HTTP/1.1" 200 3256
INFO 2025-05-06 23:28:00,096 basehttp "GET /static/css/bd_admin.css HTTP/1.1" 200 6907
WARNING 2025-05-06 23:28:00,099 basehttp "GET /static/js/script.js HTTP/1.1" 404 1850
INFO 2025-05-06 23:28:00,100 basehttp "GET /static/img/%D0%9B%D0%BE%D0%B3%D0%BE%D1%82%D0%B8%D0%BF.png HTTP/1.1" 200 2997
INFO 2025-05-06 23:28:00,129 basehttp "GET /static/img/%D0%9B%D0%BE%D0%B3%D0%BE%D1%82%D0%B8%D0%BF.ico HTTP/1.1" 200 16182
INFO 2025-05-06 23:29:00,005 autoreload C:\Users\krist\OneDrive\Рабочий стол\College\4 курс\Курсовая работа ТРПО\EduShelf\EduShelf\edushelf\edushelf\settings.py changed, reloading.
INFO 2025-05-06 23:29:01,198 autoreload Watching for file changes with StatReloader
INFO 2025-05-06 23:29:11,260 autoreload C:\Users\krist\OneDrive\Рабочий стол\College\4 курс\Курсовая работа ТРПО\EduShelf\EduShelf\edushelf\bookLibrary\views.py changed, reloading.
INFO 2025-05-06 23:29:12,181 autoreload Watching for file changes with StatReloader
INFO 2025-05-06 23:29:28,692 autoreload C:\Users\krist\OneDrive\Рабочий стол\College\4 курс\Курсовая работа ТРПО\EduShelf\EduShelf\edushelf\edushelf\settings.py changed, reloading.
INFO 2025-05-06 23:29:29,498 autoreload Watching for file changes with StatReloader
INFO 2025-05-06 23:30:00,941 basehttp "GET /logs/ HTTP/1.1" 200 13586
WARNING 2025-05-06 23:30:00,967 basehttp "GET /static/js/script.js HTTP/1.1" 404 1850
INFO 2025-05-06 23:30:17,080 basehttp "GET /bd_admin/students/ HTTP/1.1" 200 10502
INFO 2025-05-06 23:30:17,114 basehttp "GET /static/css/bd_admin.css HTTP/1.1" 304 0
INFO 2025-05-06 23:30:17,115 basehttp "GET /static/img/%D0%9B%D0%BE%D0%B3%D0%BE%D1%82%D0%B8%D0%BF.png HTTP/1.1" 304 0
WARNING 2025-05-06 23:30:17,119 basehttp "GET /static/js/script.js HTTP/1.1" 404 1850
INFO 2025-05-06 23:30:19,091 basehttp "GET /bd_admin/students/detail/5/ HTTP/1.1" 200 2913
WARNING 2025-05-06 23:30:19,124 basehttp "GET /static/js/script.js HTTP/1.1" 404 1850
INFO 2025-05-06 23:30:20,387 basehttp "GET /bd_admin/students/ HTTP/1.1" 200 10502
WARNING 2025-05-06 23:30:20,421 basehttp "GET /static/js/script.js HTTP/1.1" 404 1850
INFO 2025-05-06 23:30:20,992 basehttp "GET /logs/ HTTP/1.1" 200 14999
WARNING 2025-05-06 23:30:21,028 basehttp "GET /static/js/script.js HTTP/1.1" 404 1850
INFO 2025-05-06 23:30:22,313 basehttp "GET /logs/ HTTP/1.1" 200 15263
WARNING 2025-05-06 23:30:22,351 basehttp "GET /static/js/script.js HTTP/1.1" 404 1850
INFO 2025-05-06 23:30:41,190 basehttp "GET /logs/ HTTP/1.1" 200 15339
WARNING 2025-05-06 23:30:41,216 basehttp "GET /static/js/script.js HTTP/1.1" 404 1850
INFO 2025-05-06 23:30:41,247 basehttp "GET /static/img/%D0%9B%D0%BE%D0%B3%D0%BE%D1%82%D0%B8%D0%BF.ico HTTP/1.1" 304 0
INFO 2025-05-06 23:30:44,024 basehttp "GET /bd_admin/students/ HTTP/1.1" 200 10502
WARNING 2025-05-06 23:30:44,056 basehttp "GET /static/js/script.js HTTP/1.1" 404 1850
INFO 2025-05-06 23:30:45,261 basehttp "GET /bd_admin/users/ HTTP/1.1" 200 6949
WARNING 2025-05-06 23:30:45,303 basehttp "GET /static/js/script.js HTTP/1.1" 404 1850
INFO 2025-05-06 23:30:47,817 basehttp "GET /bd_admin/users/create/ HTTP/1.1" 200 13753
WARNING 2025-05-06 23:30:47,855 basehttp "GET /static/js/script.js HTTP/1.1" 404 1850
INFO 2025-05-06 23:30:56,471 basehttp "GET /logs/ HTTP/1.1" 200 16606
WARNING 2025-05-06 23:30:56,519 basehttp "GET /static/js/script.js HTTP/1.1" 404 1850
INFO 2025-05-06 23:30:57,513 basehttp "GET /bd_admin/roles/ HTTP/1.1" 200 3454
WARNING 2025-05-06 23:30:57,558 basehttp "GET /static/js/script.js HTTP/1.1" 404 1850
INFO 2025-05-06 23:31:03,438 basehttp "POST /logout/ HTTP/1.1" 200 1446
WARNING 2025-05-06 23:31:03,479 basehttp "GET /static/js/script.js HTTP/1.1" 404 1850
INFO 2025-05-06 23:31:04,907 basehttp "GET /login/ HTTP/1.1" 200 1983
WARNING 2025-05-06 23:31:04,939 basehttp "GET /static/js/script.js HTTP/1.1" 404 1850
INFO 2025-05-06 23:31:08,234 basehttp "GET /register/ HTTP/1.1" 200 2510
WARNING 2025-05-06 23:31:08,272 basehttp "GET /static/js/script.js HTTP/1.1" 404 1850
INFO 2025-05-06 23:31:09,198 basehttp "GET /login/ HTTP/1.1" 200 1983
WARNING 2025-05-06 23:31:09,232 basehttp "GET /static/js/script.js HTTP/1.1" 404 1850
INFO 2025-05-06 23:31:09,708 basehttp "GET /register/ HTTP/1.1" 200 2510
WARNING 2025-05-06 23:31:09,741 basehttp "GET /static/js/script.js HTTP/1.1" 404 1850
INFO 2025-05-06 23:31:10,668 basehttp "GET /catalog/ HTTP/1.1" 200 12324
WARNING 2025-05-06 23:31:10,721 basehttp "GET /static/js/script.js HTTP/1.1" 404 1850
INFO 2025-05-06 23:31:12,707 basehttp "GET / HTTP/1.1" 200 7951
WARNING 2025-05-06 23:31:12,756 basehttp "GET /static/js/script.js HTTP/1.1" 404 1850
INFO 2025-05-06 23:31:13,959 basehttp "GET /catalog/ HTTP/1.1" 200 12324
WARNING 2025-05-06 23:31:14,000 basehttp "GET /static/js/script.js HTTP/1.1" 404 1850
INFO 2025-05-06 23:31:17,439 basehttp "GET /catalog/?subject=6 HTTP/1.1" 200 6592
WARNING 2025-05-06 23:31:17,476 basehttp "GET /static/js/script.js HTTP/1.1" 404 1850
INFO 2025-05-06 23:31:19,373 basehttp "GET /catalog/?subject=6& HTTP/1.1" 200 6592
WARNING 2025-05-06 23:31:19,407 basehttp "GET /static/js/script.js HTTP/1.1" 404 1850
INFO 2025-05-06 23:31:21,242 basehttp "GET /catalog/? HTTP/1.1" 200 12324
WARNING 2025-05-06 23:31:21,278 basehttp "GET /static/js/script.js HTTP/1.1" 404 1850
INFO 2025-05-06 23:31:25,397 basehttp "GET /catalog/?search=%D0%B0%D0%BB%D0%B3 HTTP/1.1" 200 7735
WARNING 2025-05-06 23:31:25,433 basehttp "GET /static/js/script.js HTTP/1.1" 404 1850
INFO 2025-05-06 23:45:01,591 autoreload Watching for file changes with StatReloader
INFO 2025-05-06 23:45:40,688 autoreload Watching for file changes with StatReloader
INFO 2025-05-06 23:54:25,591 autoreload Watching for file changes with StatReloader
INFO 2025-05-06 23:54:31,957 basehttp "GET /login/ HTTP/1.1" 200 1983
WARNING 2025-05-06 23:54:32,055 basehttp "GET /static/js/script.js HTTP/1.1" 404 1850
INFO 2025-05-06 23:54:32,055 basehttp "GET /static/img/%D0%9B%D0%BE%D0%B3%D0%BE%D1%82%D0%B8%D0%BF.png HTTP/1.1" 304 0
INFO 2025-05-06 23:54:32,133 basehttp "GET /static/img/%D0%9B%D0%BE%D0%B3%D0%BE%D1%82%D0%B8%D0%BF.ico HTTP/1.1" 304 0
INFO 2025-05-06 23:54:33,892 basehttp "GET /catalog/ HTTP/1.1" 200 12324
WARNING 2025-05-06 23:54:33,940 basehttp "GET /static/js/script.js HTTP/1.1" 404 1850
INFO 2025-05-06 23:54:34,231 basehttp "GET /catalog/ HTTP/1.1" 200 12324
WARNING 2025-05-06 23:54:34,267 basehttp "GET /static/js/script.js HTTP/1.1" 404 1850
INFO 2025-05-06 23:54:35,265 basehttp "GET / HTTP/1.1" 200 7951
WARNING 2025-05-06 23:54:35,321 basehttp "GET /static/js/script.js HTTP/1.1" 404 1850
INFO 2025-05-06 23:54:35,952 basehttp "GET /catalog/ HTTP/1.1" 200 12324
WARNING 2025-05-06 23:54:35,991 basehttp "GET /static/js/script.js HTTP/1.1" 404 1850
INFO 2025-05-06 23:54:36,427 basehttp "GET / HTTP/1.1" 200 7951
WARNING 2025-05-06 23:54:36,468 basehttp "GET /static/js/script.js HTTP/1.1" 404 1850
INFO 2025-05-06 23:54:37,698 basehttp "GET / HTTP/1.1" 200 7951
WARNING 2025-05-06 23:54:37,727 basehttp "GET /static/js/script.js HTTP/1.1" 404 1850
INFO 2025-05-06 23:54:38,053 basehttp "GET /catalog/ HTTP/1.1" 200 12324
WARNING 2025-05-06 23:54:38,100 basehttp "GET /static/js/script.js HTTP/1.1" 404 1850
